  
  C:\Users\erick\Documents\Esteban\GPU - CUDA Disciplina\hausdorffDistance>"C:\Program Files\NVIDIA GPU Computing Toolkit\CUDA\v7.5\bin\nvcc.exe" -ccbin "C:\Program Files (x86)\Microsoft Visual Studio 12.0\VC\bin"  -I./ -I../../common/inc -I./ -I"C:\Program Files\NVIDIA GPU Computing Toolkit\CUDA\v7.5\/include" -I../../common/inc -I"C:\Program Files (x86)\OpenCV\build\x64\vc12/../../include" -IC:\Eclipse\C++\ -I"C:\Program Files\NVIDIA GPU Computing Toolkit\CUDA\v7.5\include"     --keep-dir Release -maxrregcount=0  --machine 32 --compile  -Xcompiler "/wd 4819" -fmad=true     -DWIN32 -DWIN32 -D_MBCS -D_MBCS -Xcompiler "/EHsc /W3 /nologo /O2 /Zi  /MT " -o Win32/Release/HausdorffGpuCpuSync.cu.obj "C:\Users\erick\Documents\Esteban\GPU - CUDA Disciplina\hausdorffDistance\HausdorffGpuCpuSync.cu" -clean 
  HausdorffGpuCpuSync.cu
  
  C:\Users\erick\Documents\Esteban\GPU - CUDA Disciplina\hausdorffDistance>"C:\Program Files\NVIDIA GPU Computing Toolkit\CUDA\v7.5\bin\nvcc.exe" -ccbin "C:\Program Files (x86)\Microsoft Visual Studio 12.0\VC\bin"  -I./ -I../../common/inc -I./ -I"C:\Program Files\NVIDIA GPU Computing Toolkit\CUDA\v7.5\/include" -I../../common/inc -I"C:\Program Files (x86)\OpenCV\build\x64\vc12/../../include" -IC:\Eclipse\C++\ -I"C:\Program Files\NVIDIA GPU Computing Toolkit\CUDA\v7.5\include"     --keep-dir Release -maxrregcount=0  --machine 32 --compile  -Xcompiler "/wd 4819" -fmad=true     -DWIN32 -DWIN32 -D_MBCS -D_MBCS -Xcompiler "/EHsc /W3 /nologo /O2 /Zi  /MT " -o Win32/Release/HausdorffGpuGpuSync.cu.obj "C:\Users\erick\Documents\Esteban\GPU - CUDA Disciplina\hausdorffDistance\HausdorffGpuGpuSync.cu" -clean 
  HausdorffGpuGpuSync.cu
  Compiling CUDA source file HausdorffGpuCpuSync.cu...
  
  C:\Users\erick\Documents\Esteban\GPU - CUDA Disciplina\hausdorffDistance>"C:\Program Files\NVIDIA GPU Computing Toolkit\CUDA\v7.5\bin\nvcc.exe" -gencode=arch=compute_20,code=\"sm_20,compute_20\" -gencode=arch=compute_30,code=\"sm_30,compute_30\" -gencode=arch=compute_35,code=\"sm_35,compute_35\" -gencode=arch=compute_37,code=\"sm_37,compute_37\" -gencode=arch=compute_50,code=\"sm_50,compute_50\" -gencode=arch=compute_52,code=\"sm_52,compute_52\" --use-local-env --cl-version 2013 -ccbin "C:\Program Files (x86)\Microsoft Visual Studio 12.0\VC\bin"  -I./ -I../../common/inc -I./ -I"C:\Program Files\NVIDIA GPU Computing Toolkit\CUDA\v7.5\/include" -I../../common/inc -I"C:\Program Files (x86)\OpenCV\build\x64\vc12/../../include" -IC:\Eclipse\C++\ -I"C:\Program Files\NVIDIA GPU Computing Toolkit\CUDA\v7.5\include"     --keep-dir Release -maxrregcount=0  --machine 32 --compile -cudart static -Xcompiler "/wd 4819" -fmad=true     -DWIN32 -DWIN32 -D_MBCS -D_MBCS -Xcompiler "/EHsc /W3 /nologo /O2 /Zi  /MT " -o Win32/Release/HausdorffGpuCpuSync.cu.obj "C:\Users\erick\Documents\Esteban\GPU - CUDA Disciplina\hausdorffDistance\HausdorffGpuCpuSync.cu" 
  HausdorffGpuCpuSync.cu
  Compiling CUDA source file HausdorffGpuGpuSync.cu...
  
  C:\Users\erick\Documents\Esteban\GPU - CUDA Disciplina\hausdorffDistance>"C:\Program Files\NVIDIA GPU Computing Toolkit\CUDA\v7.5\bin\nvcc.exe" -gencode=arch=compute_20,code=\"sm_20,compute_20\" -gencode=arch=compute_30,code=\"sm_30,compute_30\" -gencode=arch=compute_35,code=\"sm_35,compute_35\" -gencode=arch=compute_37,code=\"sm_37,compute_37\" -gencode=arch=compute_50,code=\"sm_50,compute_50\" -gencode=arch=compute_52,code=\"sm_52,compute_52\" --use-local-env --cl-version 2013 -ccbin "C:\Program Files (x86)\Microsoft Visual Studio 12.0\VC\bin"  -I./ -I../../common/inc -I./ -I"C:\Program Files\NVIDIA GPU Computing Toolkit\CUDA\v7.5\/include" -I../../common/inc -I"C:\Program Files (x86)\OpenCV\build\x64\vc12/../../include" -IC:\Eclipse\C++\ -I"C:\Program Files\NVIDIA GPU Computing Toolkit\CUDA\v7.5\include"     --keep-dir Release -maxrregcount=0  --machine 32 --compile -cudart static -Xcompiler "/wd 4819" -fmad=true     -DWIN32 -DWIN32 -D_MBCS -D_MBCS -Xcompiler "/EHsc /W3 /nologo /O2 /Zi  /MT " -o Win32/Release/HausdorffGpuGpuSync.cu.obj "C:\Users\erick\Documents\Esteban\GPU - CUDA Disciplina\hausdorffDistance\HausdorffGpuGpuSync.cu" 
  HausdorffGpuGpuSync.cu
cl : Command line warning D9002: ignoring unknown option '-fmad=false'
  main.cpp
  HausdorffCPU.cpp
HausdorffCPU.cpp(12): warning C4244: 'return' : conversion from 'double' to 'int', possible loss of data
HausdorffCPU.cpp(43): warning C4018: '<' : signed/unsigned mismatch
HausdorffCPU.cpp(61): warning C4018: '<' : signed/unsigned mismatch
C:\Program Files (x86)\MSBuild\Microsoft.Cpp\v4.0\V120\Microsoft.CppBuild.targets(1186,5): warning MSB8012: TargetPath(C:\Users\erick\Documents\Esteban\GPU - CUDA Disciplina\hausdorffDistance\Release\hausdorffDistance.exe) does not match the Linker's OutputFile property value (C:\Users\erick\Documents\Esteban\GPU - CUDA Disciplina\hausdorffDistance\bin\hausdorffDistance.exe). This may cause your project to build incorrectly. To correct this, please make sure that $(OutDir), $(TargetName) and $(TargetExt) property values match the value specified in %(Link.OutputFile).
     Creating library C:\Users\erick\Documents\Esteban\GPU - CUDA Disciplina\hausdorffDistance\Release\hausdorffDistance.lib and object C:\Users\erick\Documents\Esteban\GPU - CUDA Disciplina\hausdorffDistance\Release\hausdorffDistance.exp
main.obj : error LNK2001: unresolved external symbol "void __cdecl cv::fastFree(void *)" (?fastFree@cv@@YAXPAX@Z)
main.obj : error LNK2001: unresolved external symbol "class cv::Mat __cdecl cv::imread(class cv::String const &,int)" (?imread@cv@@YA?AVMat@1@ABVString@1@H@Z)
main.obj : error LNK2001: unresolved external symbol "public: void __thiscall cv::Mat::copySize(class cv::Mat const &)" (?copySize@Mat@cv@@QAEXABV12@@Z)
main.obj : error LNK2001: unresolved external symbol "public: void __thiscall cv::Mat::deallocate(void)" (?deallocate@Mat@cv@@QAEXXZ)
main.obj : error LNK2001: unresolved external symbol "private: void __thiscall cv::String::deallocate(void)" (?deallocate@String@cv@@AAEXXZ)
main.obj : error LNK2001: unresolved external symbol "private: char * __thiscall cv::String::allocate(unsigned int)" (?allocate@String@cv@@AAEPADI@Z)
Win32/Release//../../bin/hausdorffDistance.exe : fatal error LNK1120: 6 unresolved externals
