c:\users\erick\documents\esteban\gpu - cuda disciplina\hausdorffdistance\x64\debug\vc120.pdb
c:\users\erick\documents\esteban\gpu - cuda disciplina\hausdorffdistance\x64\debug\vc120.idb
c:\users\erick\documents\esteban\gpu - cuda disciplina\hausdorffdistance\x64\debug\main.obj
c:\users\erick\documents\esteban\gpu - cuda disciplina\hausdorffdistance\x64\debug\hausdorffcpu.obj
c:\users\erick\documents\esteban\gpu - cuda disciplina\hausdorffdistance\bin\hausdorffdistance.lib
c:\users\erick\documents\esteban\gpu - cuda disciplina\hausdorffdistance\bin\hausdorffdistance.exp
c:\users\erick\documents\esteban\gpu - cuda disciplina\hausdorffdistance\bin\hausdorffdistance.exe
c:\users\erick\documents\esteban\gpu - cuda disciplina\hausdorffdistance\bin\hausdorffdistance.pdb
c:\users\erick\documents\esteban\gpu - cuda disciplina\hausdorffdistance\x64\debug\hausdorffgpucpusync.cu.cache
c:\users\erick\documents\esteban\gpu - cuda disciplina\hausdorffdistance\x64\debug\hausdorffgpugpusync.cu.cache
c:\users\erick\documents\esteban\gpu - cuda disciplina\hausdorffdistance\x64\debug\hausdorffgpucpusync.cu.obj
c:\users\erick\documents\esteban\gpu - cuda disciplina\hausdorffdistance\x64\debug\hausdorffgpugpusync.cu.obj
c:\users\erick\documents\esteban\gpu - cuda disciplina\hausdorffdistance\./bin/hausdorffdistance.exe
c:\users\erick\documents\esteban\gpu - cuda disciplina\hausdorffdistance\x64\debug\hausdorf.997e0757.tlog\cl.command.1.tlog
c:\users\erick\documents\esteban\gpu - cuda disciplina\hausdorffdistance\x64\debug\hausdorf.997e0757.tlog\cl.read.1.tlog
c:\users\erick\documents\esteban\gpu - cuda disciplina\hausdorffdistance\x64\debug\hausdorf.997e0757.tlog\cl.write.1.tlog
c:\users\erick\documents\esteban\gpu - cuda disciplina\hausdorffdistance\x64\debug\hausdorf.997e0757.tlog\hausdorffdistance.write.1u.tlog
c:\users\erick\documents\esteban\gpu - cuda disciplina\hausdorffdistance\x64\debug\hausdorf.997e0757.tlog\link.command.1.tlog
c:\users\erick\documents\esteban\gpu - cuda disciplina\hausdorffdistance\x64\debug\hausdorf.997e0757.tlog\link.read.1.tlog
c:\users\erick\documents\esteban\gpu - cuda disciplina\hausdorffdistance\x64\debug\hausdorf.997e0757.tlog\link.write.1.tlog
