c:\users\erick\documents\esteban\gpu\vectoradd2\x64\release\vc120.pdb
c:\users\erick\documents\esteban\gpu\vectoradd2\x64\release\hausdorffcpu.obj
c:\users\erick\documents\esteban\gpu\vectoradd2\x64\release\main.obj
c:\users\erick\documents\esteban\gpu\vectoradd2\bin\vectoradd.exe
c:\users\erick\documents\esteban\gpu\vectoradd2\bin\vectoradd.lib
c:\users\erick\documents\esteban\gpu\vectoradd2\bin\vectoradd.exp
c:\users\erick\documents\esteban\gpu\vectoradd2\x64\release\hausdorff.cu.cache
c:\users\erick\documents\esteban\gpu\vectoradd2\x64\release\hausdorffgpuasync.cu.cache
c:\users\erick\documents\esteban\gpu\vectoradd2\x64\release\hausdorffgpucpusync.cu.cache
c:\users\erick\documents\esteban\gpu\vectoradd2\x64\release\hausdorffgpugpusync.cu.cache
c:\users\erick\documents\esteban\gpu\vectoradd2\x64\release\hausdorff.cu.obj
c:\users\erick\documents\esteban\gpu\vectoradd2\x64\release\hausdorffgpuasync.cu.obj
c:\users\erick\documents\esteban\gpu\vectoradd2\x64\release\hausdorffgpucpusync.cu.obj
c:\users\erick\documents\esteban\gpu\vectoradd2\x64\release\hausdorffgpugpusync.cu.obj
c:\users\erick\documents\esteban\gpu\vectoradd2\./bin/vectoradd.exe
c:\users\erick\documents\esteban\gpu\vectoradd2\x64\release\vectoradd.tlog\cl.command.1.tlog
c:\users\erick\documents\esteban\gpu\vectoradd2\x64\release\vectoradd.tlog\cl.read.1.tlog
c:\users\erick\documents\esteban\gpu\vectoradd2\x64\release\vectoradd.tlog\cl.write.1.tlog
c:\users\erick\documents\esteban\gpu\vectoradd2\x64\release\vectoradd.tlog\link.command.1.tlog
c:\users\erick\documents\esteban\gpu\vectoradd2\x64\release\vectoradd.tlog\link.read.1.tlog
c:\users\erick\documents\esteban\gpu\vectoradd2\x64\release\vectoradd.tlog\link.write.1.tlog
c:\users\erick\documents\esteban\gpu\vectoradd2\x64\release\vectoradd.tlog\vectoradd.write.1u.tlog
