c:\users\erick\documents\esteban\gpu\vectoradd2\x64\debug\vc120.pdb
c:\users\erick\documents\esteban\gpu\vectoradd2\x64\debug\vc120.idb
c:\users\erick\documents\esteban\gpu\vectoradd2\x64\debug\main.obj
c:\users\erick\documents\esteban\gpu\vectoradd2\x64\debug\hausdorffcpu.obj
c:\users\erick\documents\esteban\gpu\vectoradd2\bin\vectoradd.ilk
c:\users\erick\documents\esteban\gpu\vectoradd2\bin\vectoradd.exe
c:\users\erick\documents\esteban\gpu\vectoradd2\bin\vectoradd.pdb
c:\users\erick\documents\esteban\gpu\vectoradd2\bin\vectoradd.lib
c:\users\erick\documents\esteban\gpu\vectoradd2\bin\vectoradd.exp
c:\users\erick\documents\esteban\gpu\vectoradd2\x64\debug\hausdorff.cu.cache
c:\users\erick\documents\esteban\gpu\vectoradd2\x64\debug\hausdorffgpuasync.cu.cache
c:\users\erick\documents\esteban\gpu\vectoradd2\x64\debug\hausdorffgpucpusync.cu.cache
c:\users\erick\documents\esteban\gpu\vectoradd2\x64\debug\hausdorffgpugpusync.cu.cache
c:\users\erick\documents\esteban\gpu\vectoradd2\x64\debug\hausdorff.cu.obj
c:\users\erick\documents\esteban\gpu\vectoradd2\x64\debug\hausdorffgpuasync.cu.obj
c:\users\erick\documents\esteban\gpu\vectoradd2\x64\debug\hausdorffgpucpusync.cu.obj
c:\users\erick\documents\esteban\gpu\vectoradd2\x64\debug\hausdorffgpugpusync.cu.obj
c:\users\erick\documents\esteban\gpu\vectoradd2\./bin/vectoradd.exe
c:\users\erick\documents\esteban\gpu\vectoradd2\x64\debug\vectoradd.tlog\cl.command.1.tlog
c:\users\erick\documents\esteban\gpu\vectoradd2\x64\debug\vectoradd.tlog\cl.read.1.tlog
c:\users\erick\documents\esteban\gpu\vectoradd2\x64\debug\vectoradd.tlog\cl.write.1.tlog
c:\users\erick\documents\esteban\gpu\vectoradd2\x64\debug\vectoradd.tlog\link.command.1.tlog
c:\users\erick\documents\esteban\gpu\vectoradd2\x64\debug\vectoradd.tlog\link.read.1.tlog
c:\users\erick\documents\esteban\gpu\vectoradd2\x64\debug\vectoradd.tlog\link.write.1.tlog
c:\users\erick\documents\esteban\gpu\vectoradd2\x64\debug\vectoradd.tlog\vectoradd.write.1u.tlog
